Arguments: 
  C:\Program Files\nodejs\node.exe C:\Program Files (x86)\Yarn\bin\yarn.js

PATH: 
  C:\Windows\system32;C:\Windows;C:\Windows\System32\Wbem;C:\Windows\System32\WindowsPowerShell\v1.0\;C:\Windows\System32\OpenSSH\;C:\Program Files\Docker\Docker\resources\bin;C:\ProgramData\DockerDesktop\version-bin;C:\Program Files (x86)\Yarn\bin;C:\Users\Administrador\AppData\Roaming\nvm;C:\Program Files\nodejs;C:\Program Files\nodejs\;C:\Users\Toniato\AppData\Local\Microsoft\WindowsApps;C:\Users\Toniato\AppData\Local\GitHubDesktop\bin;C:\Users\Toniato\AppData\Local\Programs\Microsoft VS Code\bin;C:\Users\Toniato\AppData\Local\Yarn\bin;C:\Users\Toniato\AppData\Roaming\npm

Yarn version: 
  1.3.2

Node version: 
  16.18.0

Platform: 
  win32 x64

npm manifest: 
  {
    "name": "curso_node",
    "version": "1.0.0",
    "description": "",
    "main": "noticiais.js",
    "scripts": {
      "test": "echo \"Error: no test specified\" && exit 1"
    },
    "author": "Ester.Faranny",
    "license": "ISC",
    "dependencies": {
      "body-parser": "^1.17.2",
      "consign": "^0.1.6",
      "ejs": "^3.1.7",
      "express": "^4.18.1",
      "mysql": "^2.18.1"
    }
  }

yarn manifest: 
  No manifest

Lockfile: 
  No lockfile

Trace: 
  Error: self signed certificate in certificate chain
      at TLSSocket.onConnectSecure (node:_tls_wrap:1539:34)
      at TLSSocket.emit (node:events:513:28)
      at TLSSocket._finishInit (node:_tls_wrap:953:8)
      at TLSWrap.ssl.onhandshakedone (node:_tls_wrap:734:12)
